апр 19, 2020 9:45:31 PM java.util.logging.LogManager$RootLogger log
SEVERE: Java SEVERE
апр 19, 2020 9:45:31 PM java.util.logging.LogManager$RootLogger log
INFO: C# INFO
апр 19, 2020 9:45:31 PM java.util.logging.LogManager$RootLogger log
CONFIG: Java CONFIG
апр 19, 2020 9:45:31 PM java.util.logging.LogManager$RootLogger log
FINE: Java FINE
апр 19, 2020 9:46:14 PM java.util.logging.LogManager$RootLogger log
SEVERE: Java SEVERE
апр 19, 2020 9:46:14 PM java.util.logging.LogManager$RootLogger log
INFO: C# INFO
апр 19, 2020 9:46:14 PM java.util.logging.LogManager$RootLogger log
CONFIG: Java CONFIG
апр 19, 2020 9:46:14 PM java.util.logging.LogManager$RootLogger log
FINE: Java FINE
апр 19, 2020 9:46:16 PM java.util.logging.LogManager$RootLogger log
SEVERE: Java SEVERE
апр 19, 2020 9:46:16 PM java.util.logging.LogManager$RootLogger log
INFO: C# INFO
апр 19, 2020 9:46:16 PM java.util.logging.LogManager$RootLogger log
CONFIG: Java CONFIG
апр 19, 2020 9:46:16 PM java.util.logging.LogManager$RootLogger log
FINE: Java FINE
